# JRE version: OpenJDK Runtime Environment Corretto-17.0.13.11.1 (17.0.13+11) (build 17.0.13+11-LTS)
# Java VM: OpenJDK 64-Bit Server VM Corretto-17.0.13.11.1 (17.0.13+11-LTS, mixed mode, sharing, tiered, compressed oops, compressed class ptrs, g1 gc, windows-amd64)
GC Precious Log:
 CPUs: 8 total, 8 available
 Memory: 16197M
 Large Page Support: Disabled
 NUMA Support: Disabled
 Compressed Oops: Enabled (Zero based)
 Heap Region Size: 2M
 Heap Min Capacity: 8M
 Heap Initial Capacity: 254M
 Heap Max Capacity: 4050M
 Pre-touch: Disabled
 Parallel Workers: 8
 Concurrent Workers: 2
 Concurrent Refinement Workers: 8
 Periodic GC: Disabled
Heap:
 garbage-first heap   total 161792K, used 60080K [0x0000000702e00000, 0x0000000800000000)
  region size 2048K, 20 young (40960K), 4 survivors (8192K)
 Metaspace       used 55385K, committed 55936K, reserved 1114112K
  class space    used 7244K, committed 7488K, reserved 1048576K
GC Heap History (20 events):
Event: 6.555 GC heap before
{Heap before GC invocations=2 (full 0):
 garbage-first heap   total 260096K, used 62058K [0x0000000702e00000, 0x0000000800000000)
  region size 2048K, 27 young (55296K), 1 survivors (2048K)
 Metaspace       used 19531K, committed 19776K, reserved 1114112K
  class space    used 2504K, committed 2624K, reserved 1048576K
}
Event: 6.565 GC heap after
{Heap after GC invocations=3 (full 0):
 garbage-first heap   total 260096K, used 12629K [0x0000000702e00000, 0x0000000800000000)
  region size 2048K, 3 young (6144K), 3 survivors (6144K)
 Metaspace       used 19531K, committed 19776K, reserved 1114112K
  class space    used 2504K, committed 2624K, reserved 1048576K
}
Event: 7.399 GC heap before
{Heap before GC invocations=3 (full 0):
 garbage-first heap   total 260096K, used 39253K [0x0000000702e00000, 0x0000000800000000)
  region size 2048K, 17 young (34816K), 3 survivors (6144K)
 Metaspace       used 21214K, committed 21504K, reserved 1114112K
  class space    used 2699K, committed 2880K, reserved 1048576K
}
Event: 7.406 GC heap after
{Heap after GC invocations=4 (full 0):
 garbage-first heap   total 260096K, used 13864K [0x0000000702e00000, 0x0000000800000000)
  region size 2048K, 4 young (8192K), 4 survivors (8192K)
 Metaspace       used 21214K, committed 21504K, reserved 1114112K
  class space    used 2699K, committed 2880K, reserved 1048576K
}
Event: 8.569 GC heap before
{Heap before GC invocations=5 (full 0):
 garbage-first heap   total 61440K, used 42536K [0x0000000702e00000, 0x0000000800000000)
  region size 2048K, 18 young (36864K), 4 survivors (8192K)
 Metaspace       used 24669K, committed 25024K, reserved 1114112K
  class space    used 3207K, committed 3392K, reserved 1048576K
}
Event: 8.580 GC heap after
{Heap after GC invocations=6 (full 0):
 garbage-first heap   total 61440K, used 15909K [0x0000000702e00000, 0x0000000800000000)
  region size 2048K, 3 young (6144K), 3 survivors (6144K)
 Metaspace       used 24669K, committed 25024K, reserved 1114112K
  class space    used 3207K, committed 3392K, reserved 1048576K
}
Event: 8.743 GC heap before
{Heap before GC invocations=6 (full 0):
 garbage-first heap   total 61440K, used 17957K [0x0000000702e00000, 0x0000000800000000)
  region size 2048K, 4 young (8192K), 3 survivors (6144K)
 Metaspace       used 25215K, committed 25600K, reserved 1114112K
  class space    used 3283K, committed 3456K, reserved 1048576K
}
Event: 8.751 GC heap after
{Heap after GC invocations=7 (full 0):
 garbage-first heap   total 61440K, used 16251K [0x0000000702e00000, 0x0000000800000000)
  region size 2048K, 1 young (2048K), 1 survivors (2048K)
 Metaspace       used 25215K, committed 25600K, reserved 1114112K
  class space    used 3283K, committed 3456K, reserved 1048576K
}
Event: 9.959 GC heap before
{Heap before GC invocations=7 (full 0):
 garbage-first heap   total 61440K, used 40827K [0x0000000702e00000, 0x0000000800000000)
  region size 2048K, 13 young (26624K), 1 survivors (2048K)
 Metaspace       used 29840K, committed 30272K, reserved 1114112K
  class space    used 3959K, committed 4160K, reserved 1048576K
}
Event: 9.970 GC heap after
{Heap after GC invocations=8 (full 0):
 garbage-first heap   total 61440K, used 17700K [0x0000000702e00000, 0x0000000800000000)
  region size 2048K, 2 young (4096K), 2 survivors (4096K)
 Metaspace       used 29840K, committed 30272K, reserved 1114112K
  class space    used 3959K, committed 4160K, reserved 1048576K
}
Event: 14.529 GC heap before
{Heap before GC invocations=8 (full 0):
 garbage-first heap   total 61440K, used 42276K [0x0000000702e00000, 0x0000000800000000)
  region size 2048K, 14 young (28672K), 2 survivors (4096K)
 Metaspace       used 33289K, committed 33664K, reserved 1114112K
  class space    used 4464K, committed 4672K, reserved 1048576K
}
Event: 14.538 GC heap after
{Heap after GC invocations=9 (full 0):
 garbage-first heap   total 61440K, used 19427K [0x0000000702e00000, 0x0000000800000000)
  region size 2048K, 1 young (2048K), 1 survivors (2048K)
 Metaspace       used 33289K, committed 33664K, reserved 1114112K
  class space    used 4464K, committed 4672K, reserved 1048576K
}
Event: 17.489 GC heap before
{Heap before GC invocations=9 (full 0):
 garbage-first heap   total 61440K, used 39907K [0x0000000702e00000, 0x0000000800000000)
  region size 2048K, 12 young (24576K), 1 survivors (2048K)
 Metaspace       used 35590K, committed 35968K, reserved 1114112K
  class space    used 4804K, committed 4992K, reserved 1048576K
}
Event: 17.497 GC heap after
{Heap after GC invocations=10 (full 0):
 garbage-first heap   total 61440K, used 20896K [0x0000000702e00000, 0x0000000800000000)
  region size 2048K, 2 young (4096K), 2 survivors (4096K)
 Metaspace       used 35590K, committed 35968K, reserved 1114112K
  class space    used 4804K, committed 4992K, reserved 1048576K
}
Event: 18.195 GC heap before
{Heap before GC invocations=11 (full 0):
 garbage-first heap   total 61440K, used 45472K [0x0000000702e00000, 0x0000000800000000)
  region size 2048K, 14 young (28672K), 2 survivors (4096K)
 Metaspace       used 40932K, committed 41408K, reserved 1114112K
  class space    used 5557K, committed 5824K, reserved 1048576K
}
Event: 18.207 GC heap after
{Heap after GC invocations=12 (full 0):
 garbage-first heap   total 61440K, used 22988K [0x0000000702e00000, 0x0000000800000000)
  region size 2048K, 2 young (4096K), 2 survivors (4096K)
 Metaspace       used 40932K, committed 41408K, reserved 1114112K
  class space    used 5557K, committed 5824K, reserved 1048576K
}
Event: 18.226 GC heap before
{Heap before GC invocations=12 (full 0):
 garbage-first heap   total 61440K, used 25036K [0x0000000702e00000, 0x0000000800000000)
  region size 2048K, 3 young (6144K), 2 survivors (4096K)
 Metaspace       used 41311K, committed 41728K, reserved 1114112K
  class space    used 5600K, committed 5824K, reserved 1048576K
}
Event: 18.236 GC heap after
{Heap after GC invocations=13 (full 0):
 garbage-first heap   total 161792K, used 23611K [0x0000000702e00000, 0x0000000800000000)
  region size 2048K, 1 young (2048K), 1 survivors (2048K)
 Metaspace       used 41311K, committed 41728K, reserved 1114112K
  class space    used 5600K, committed 5824K, reserved 1048576K
}
Event: 192.458 GC heap before
{Heap before GC invocations=13 (full 0):
 garbage-first heap   total 161792K, used 117819K [0x0000000702e00000, 0x0000000800000000)
  region size 2048K, 47 young (96256K), 1 survivors (2048K)
 Metaspace       used 54673K, committed 55168K, reserved 1114112K
  class space    used 7242K, committed 7488K, reserved 1048576K
}
Event: 192.469 GC heap after
{Heap after GC invocations=14 (full 0):
 garbage-first heap   total 161792K, used 29360K [0x0000000702e00000, 0x0000000800000000)
  region size 2048K, 4 young (8192K), 4 survivors (8192K)
 Metaspace       used 54673K, committed 55168K, reserved 1114112K
  class space    used 7242K, committed 7488K, reserved 1048576K
}

